# Logfile created on 2019-04-05 13:06:35 -0400 by logger.rb/66358
D, [2019-04-05T13:06:35.767412 #93963] DEBUG -- Pubnub::Telementry: Initialized Telemetry
D, [2019-04-05T13:06:35.767768 #93963] DEBUG -- Pubnub::Client: Created new Pubnub::Client instance. Version: 4.0.27
D, [2019-04-05T13:07:02.631580 #94967] DEBUG -- Pubnub::Telementry: Initialized Telemetry
D, [2019-04-05T13:07:02.631760 #94967] DEBUG -- Pubnub::Client: Created new Pubnub::Client instance. Version: 4.0.27
D, [2019-04-05T13:08:04.678453 #95464] DEBUG -- Pubnub::Telementry: Initialized Telemetry
D, [2019-04-05T13:08:04.678624 #95464] DEBUG -- Pubnub::Client: Created new Pubnub::Client instance. Version: 4.0.27
D, [2019-04-05T13:08:21.994309 #95817] DEBUG -- Pubnub::Telementry: Initialized Telemetry
D, [2019-04-05T13:08:21.994485 #95817] DEBUG -- Pubnub::Client: Created new Pubnub::Client instance. Version: 4.0.27
D, [2019-04-05T13:46:44.552002 #1445] DEBUG -- Pubnub::Telementry: Initialized Telemetry
D, [2019-04-05T13:46:44.552180 #1445] DEBUG -- Pubnub::Client: Created new Pubnub::Client instance. Version: 4.0.27
D, [2019-04-05T15:14:07.291214 #24734] DEBUG -- Pubnub::Telementry: Initialized Telemetry
D, [2019-04-05T15:14:07.291393 #24734] DEBUG -- Pubnub::Client: Created new Pubnub::Client instance. Version: 4.0.27
D, [2019-04-05T15:32:38.854537 #24926] DEBUG -- Pubnub::Telementry: Initialized Telemetry
D, [2019-04-05T15:32:38.857555 #24926] DEBUG -- Pubnub::Client: Created new Pubnub::Client instance. Version: 4.0.27
D, [2019-04-05T15:55:21.792406 #32606] DEBUG -- Pubnub::Telementry: Initialized Telemetry
D, [2019-04-05T15:55:21.792594 #32606] DEBUG -- Pubnub::Client: Created new Pubnub::Client instance. Version: 4.0.27
D, [2019-04-05T15:57:21.646334 #32651] DEBUG -- Pubnub::Telementry: Initialized Telemetry
D, [2019-04-05T15:57:21.646512 #32651] DEBUG -- Pubnub::Client: Created new Pubnub::Client instance. Version: 4.0.27
D, [2019-04-05T15:57:51.676229 #32651] DEBUG -- Pubnub::Telemetry: Fetching telemetry for l_pub
D, [2019-04-05T15:57:51.676455 #32651] DEBUG -- Pubnub::Event: Initialized Pubnub::Publish
D, [2019-04-05T15:57:51.677747 #32651] DEBUG -- Pubnub::Publish: Fired event Pubnub::Publish
D, [2019-04-05T15:57:51.677909 #32651] DEBUG -- Pubnub::Event: #send_request called
D, [2019-04-05T15:57:51.678663 #32651] DEBUG -- Pubnub::SingleEvent: #request_dispatcher called
D, [2019-04-05T15:57:51.678759 #32651] DEBUG -- Pubnub::Client: Looking for requester for async single_event
D, [2019-04-05T15:57:51.679118 #32651] DEBUG -- Pubnub::Event: #send_request got sender
D, [2019-04-05T15:57:51.679919 #32651] DEBUG -- Pubnub::Event: Requested URI: http://ps.pndsn.com/publish/sub-c-e116d1fe-57c2-11e9-94f2-3600c194fb1c/pub-c-41ed4498-9635-425c-b70a-1034a834e883/0/user-1/0/%7B%22STATUS%22%3A%22PASSED%22%7D?ortt=%7B%22t%22%3A15544942716765408%7D&pnsdk=PubNub-Ruby%2F4.0.27&seqn=1&uuid=dc4f515e-472e-4460-b6ed-a256aa99351f
E, [2019-04-05T15:57:56.748532 #32651] ERROR -- Pubnub::Event: execution expired (HTTPClient::ReceiveTimeoutError)
/Users/yunsungoh/.rvm/gems/ruby-2.6.0/gems/httpclient-2.8.3/lib/httpclient/session.rb:805:in `gets'
/Users/yunsungoh/.rvm/gems/ruby-2.6.0/gems/httpclient-2.8.3/lib/httpclient/session.rb:805:in `block in parse_header'
/Users/yunsungoh/.rvm/rubies/ruby-2.6.0/lib/ruby/2.6.0/timeout.rb:103:in `timeout'
/Users/yunsungoh/.rvm/gems/ruby-2.6.0/gems/httpclient-2.8.3/lib/httpclient/session.rb:801:in `parse_header'
/Users/yunsungoh/.rvm/gems/ruby-2.6.0/gems/httpclient-2.8.3/lib/httpclient/session.rb:784:in `read_header'
/Users/yunsungoh/.rvm/gems/ruby-2.6.0/gems/httpclient-2.8.3/lib/httpclient/session.rb:561:in `get_header'
/Users/yunsungoh/.rvm/gems/ruby-2.6.0/gems/httpclient-2.8.3/lib/httpclient.rb:1299:in `do_get_header'
/Users/yunsungoh/.rvm/gems/ruby-2.6.0/gems/httpclient-2.8.3/lib/httpclient.rb:1245:in `do_get_block'
/Users/yunsungoh/.rvm/gems/ruby-2.6.0/gems/httpclient-2.8.3/lib/httpclient.rb:1019:in `block in do_request'
/Users/yunsungoh/.rvm/gems/ruby-2.6.0/gems/httpclient-2.8.3/lib/httpclient.rb:1133:in `protect_keep_alive_disconnected'
/Users/yunsungoh/.rvm/gems/ruby-2.6.0/gems/httpclient-2.8.3/lib/httpclient.rb:1014:in `do_request'
/Users/yunsungoh/.rvm/gems/ruby-2.6.0/gems/httpclient-2.8.3/lib/httpclient.rb:856:in `request'
/Users/yunsungoh/.rvm/gems/ruby-2.6.0/gems/httpclient-2.8.3/lib/httpclient.rb:743:in `get'
/Users/yunsungoh/.rvm/gems/ruby-2.6.0/gems/pubnub-4.0.27/lib/pubnub/event.rb:58:in `send_request'
/Users/yunsungoh/.rvm/gems/ruby-2.6.0/gems/pubnub-4.0.27/lib/pubnub/events/publish.rb:33:in `fire'
/Users/yunsungoh/.rvm/gems/ruby-2.6.0/gems/celluloid-0.17.4/lib/celluloid/calls.rb:28:in `public_send'
/Users/yunsungoh/.rvm/gems/ruby-2.6.0/gems/celluloid-0.17.4/lib/celluloid/calls.rb:28:in `dispatch'
/Users/yunsungoh/.rvm/gems/ruby-2.6.0/gems/celluloid-0.17.4/lib/celluloid/call/sync.rb:16:in `dispatch'
/Users/yunsungoh/.rvm/gems/ruby-2.6.0/gems/celluloid-0.17.4/lib/celluloid/cell.rb:50:in `block in dispatch'
/Users/yunsungoh/.rvm/gems/ruby-2.6.0/gems/celluloid-0.17.4/lib/celluloid/cell.rb:76:in `block in task'
/Users/yunsungoh/.rvm/gems/ruby-2.6.0/gems/celluloid-0.17.4/lib/celluloid/actor.rb:339:in `block in task'
/Users/yunsungoh/.rvm/gems/ruby-2.6.0/gems/celluloid-0.17.4/lib/celluloid/task.rb:44:in `block in initialize'
/Users/yunsungoh/.rvm/gems/ruby-2.6.0/gems/celluloid-0.17.4/lib/celluloid/task/fibered.rb:14:in `block in create'
D, [2019-04-05T15:57:56.748925 #32651] DEBUG -- Pubnub::Event: Event#handle
D, [2019-04-05T15:57:56.749518 #32651] DEBUG -- Pubnub::Event: Firing callbacks for Pubnub::Publish
D, [2019-04-05T15:58:14.359338 #32651] DEBUG -- Pubnub::Telemetry: Fetching telemetry for l_pub
D, [2019-04-05T15:58:14.359550 #32651] DEBUG -- Pubnub::Event: Initialized Pubnub::Publish
D, [2019-04-05T15:58:14.360303 #32651] DEBUG -- Pubnub::Publish: Fired event Pubnub::Publish
D, [2019-04-05T15:58:14.360653 #32651] DEBUG -- Pubnub::Event: #send_request called
D, [2019-04-05T15:58:14.360863 #32651] DEBUG -- Pubnub::SingleEvent: #request_dispatcher called
D, [2019-04-05T15:58:14.360933 #32651] DEBUG -- Pubnub::Client: Looking for requester for async single_event
D, [2019-04-05T15:58:14.360990 #32651] DEBUG -- Pubnub::Event: #send_request got sender
D, [2019-04-05T15:58:14.361357 #32651] DEBUG -- Pubnub::Event: Requested URI: http://ps.pndsn.com/publish/sub-c-e116d1fe-57c2-11e9-94f2-3600c194fb1c/pub-c-41ed4498-9635-425c-b70a-1034a834e883/0/user-1/0/%7B%22STATUS%22%3A%22MATCHED%22%2C%22question_id%22%3A5%7D?ortt=%7B%22t%22%3A15544942943596420%7D&pnsdk=PubNub-Ruby%2F4.0.27&seqn=2&uuid=dc4f515e-472e-4460-b6ed-a256aa99351f
D, [2019-04-05T15:58:14.360806 #32651] DEBUG -- Pubnub::Telemetry: Fetching telemetry for l_pub
D, [2019-04-05T15:58:14.362052 #32651] DEBUG -- Pubnub::Event: Initialized Pubnub::Publish
D, [2019-04-05T15:58:14.363480 #32651] DEBUG -- Pubnub::Publish: Fired event Pubnub::Publish
D, [2019-04-05T15:58:14.364273 #32651] DEBUG -- Pubnub::Event: #send_request called
D, [2019-04-05T15:58:14.364508 #32651] DEBUG -- Pubnub::SingleEvent: #request_dispatcher called
D, [2019-04-05T15:58:14.364587 #32651] DEBUG -- Pubnub::Client: Looking for requester for async single_event
D, [2019-04-05T15:58:14.364643 #32651] DEBUG -- Pubnub::Event: #send_request got sender
D, [2019-04-05T15:58:14.365072 #32651] DEBUG -- Pubnub::Event: Requested URI: http://ps.pndsn.com/publish/sub-c-e116d1fe-57c2-11e9-94f2-3600c194fb1c/pub-c-41ed4498-9635-425c-b70a-1034a834e883/0/user-5/0/%7B%22STATUS%22%3A%22ACCEPTED%22%2C%22question_id%22%3A5%7D?ortt=%7B%22t%22%3A15544942943621190%7D&pnsdk=PubNub-Ruby%2F4.0.27&seqn=3&uuid=dc4f515e-472e-4460-b6ed-a256aa99351f
E, [2019-04-05T15:58:19.396108 #32651] ERROR -- Pubnub::Event: execution expired (HTTPClient::ReceiveTimeoutError)
/Users/yunsungoh/.rvm/gems/ruby-2.6.0/gems/httpclient-2.8.3/lib/httpclient/session.rb:805:in `gets'
/Users/yunsungoh/.rvm/gems/ruby-2.6.0/gems/httpclient-2.8.3/lib/httpclient/session.rb:805:in `block in parse_header'
/Users/yunsungoh/.rvm/rubies/ruby-2.6.0/lib/ruby/2.6.0/timeout.rb:103:in `timeout'
/Users/yunsungoh/.rvm/gems/ruby-2.6.0/gems/httpclient-2.8.3/lib/httpclient/session.rb:801:in `parse_header'
/Users/yunsungoh/.rvm/gems/ruby-2.6.0/gems/httpclient-2.8.3/lib/httpclient/session.rb:784:in `read_header'
/Users/yunsungoh/.rvm/gems/ruby-2.6.0/gems/httpclient-2.8.3/lib/httpclient/session.rb:561:in `get_header'
/Users/yunsungoh/.rvm/gems/ruby-2.6.0/gems/httpclient-2.8.3/lib/httpclient.rb:1299:in `do_get_header'
/Users/yunsungoh/.rvm/gems/ruby-2.6.0/gems/httpclient-2.8.3/lib/httpclient.rb:1245:in `do_get_block'
/Users/yunsungoh/.rvm/gems/ruby-2.6.0/gems/httpclient-2.8.3/lib/httpclient.rb:1019:in `block in do_request'
/Users/yunsungoh/.rvm/gems/ruby-2.6.0/gems/httpclient-2.8.3/lib/httpclient.rb:1133:in `protect_keep_alive_disconnected'
/Users/yunsungoh/.rvm/gems/ruby-2.6.0/gems/httpclient-2.8.3/lib/httpclient.rb:1014:in `do_request'
/Users/yunsungoh/.rvm/gems/ruby-2.6.0/gems/httpclient-2.8.3/lib/httpclient.rb:856:in `request'
/Users/yunsungoh/.rvm/gems/ruby-2.6.0/gems/httpclient-2.8.3/lib/httpclient.rb:743:in `get'
/Users/yunsungoh/.rvm/gems/ruby-2.6.0/gems/pubnub-4.0.27/lib/pubnub/event.rb:58:in `send_request'
/Users/yunsungoh/.rvm/gems/ruby-2.6.0/gems/pubnub-4.0.27/lib/pubnub/events/publish.rb:33:in `fire'
/Users/yunsungoh/.rvm/gems/ruby-2.6.0/gems/celluloid-0.17.4/lib/celluloid/calls.rb:28:in `public_send'
/Users/yunsungoh/.rvm/gems/ruby-2.6.0/gems/celluloid-0.17.4/lib/celluloid/calls.rb:28:in `dispatch'
/Users/yunsungoh/.rvm/gems/ruby-2.6.0/gems/celluloid-0.17.4/lib/celluloid/call/sync.rb:16:in `dispatch'
/Users/yunsungoh/.rvm/gems/ruby-2.6.0/gems/celluloid-0.17.4/lib/celluloid/cell.rb:50:in `block in dispatch'
/Users/yunsungoh/.rvm/gems/ruby-2.6.0/gems/celluloid-0.17.4/lib/celluloid/cell.rb:76:in `block in task'
/Users/yunsungoh/.rvm/gems/ruby-2.6.0/gems/celluloid-0.17.4/lib/celluloid/actor.rb:339:in `block in task'
/Users/yunsungoh/.rvm/gems/ruby-2.6.0/gems/celluloid-0.17.4/lib/celluloid/task.rb:44:in `block in initialize'
/Users/yunsungoh/.rvm/gems/ruby-2.6.0/gems/celluloid-0.17.4/lib/celluloid/task/fibered.rb:14:in `block in create'
D, [2019-04-05T15:58:19.396766 #32651] DEBUG -- Pubnub::Event: Event#handle
D, [2019-04-05T15:58:19.397687 #32651] DEBUG -- Pubnub::Event: Firing callbacks for Pubnub::Publish
E, [2019-04-05T15:58:19.397874 #32651] ERROR -- Pubnub::Event: execution expired (HTTPClient::ReceiveTimeoutError)
/Users/yunsungoh/.rvm/gems/ruby-2.6.0/gems/httpclient-2.8.3/lib/httpclient/session.rb:805:in `gets'
/Users/yunsungoh/.rvm/gems/ruby-2.6.0/gems/httpclient-2.8.3/lib/httpclient/session.rb:805:in `block in parse_header'
/Users/yunsungoh/.rvm/rubies/ruby-2.6.0/lib/ruby/2.6.0/timeout.rb:103:in `timeout'
/Users/yunsungoh/.rvm/gems/ruby-2.6.0/gems/httpclient-2.8.3/lib/httpclient/session.rb:801:in `parse_header'
/Users/yunsungoh/.rvm/gems/ruby-2.6.0/gems/httpclient-2.8.3/lib/httpclient/session.rb:784:in `read_header'
/Users/yunsungoh/.rvm/gems/ruby-2.6.0/gems/httpclient-2.8.3/lib/httpclient/session.rb:561:in `get_header'
/Users/yunsungoh/.rvm/gems/ruby-2.6.0/gems/httpclient-2.8.3/lib/httpclient.rb:1299:in `do_get_header'
/Users/yunsungoh/.rvm/gems/ruby-2.6.0/gems/httpclient-2.8.3/lib/httpclient.rb:1245:in `do_get_block'
/Users/yunsungoh/.rvm/gems/ruby-2.6.0/gems/httpclient-2.8.3/lib/httpclient.rb:1019:in `block in do_request'
/Users/yunsungoh/.rvm/gems/ruby-2.6.0/gems/httpclient-2.8.3/lib/httpclient.rb:1133:in `protect_keep_alive_disconnected'
/Users/yunsungoh/.rvm/gems/ruby-2.6.0/gems/httpclient-2.8.3/lib/httpclient.rb:1014:in `do_request'
/Users/yunsungoh/.rvm/gems/ruby-2.6.0/gems/httpclient-2.8.3/lib/httpclient.rb:856:in `request'
/Users/yunsungoh/.rvm/gems/ruby-2.6.0/gems/httpclient-2.8.3/lib/httpclient.rb:743:in `get'
/Users/yunsungoh/.rvm/gems/ruby-2.6.0/gems/pubnub-4.0.27/lib/pubnub/event.rb:58:in `send_request'
/Users/yunsungoh/.rvm/gems/ruby-2.6.0/gems/pubnub-4.0.27/lib/pubnub/events/publish.rb:33:in `fire'
/Users/yunsungoh/.rvm/gems/ruby-2.6.0/gems/celluloid-0.17.4/lib/celluloid/calls.rb:28:in `public_send'
/Users/yunsungoh/.rvm/gems/ruby-2.6.0/gems/celluloid-0.17.4/lib/celluloid/calls.rb:28:in `dispatch'
/Users/yunsungoh/.rvm/gems/ruby-2.6.0/gems/celluloid-0.17.4/lib/celluloid/call/sync.rb:16:in `dispatch'
/Users/yunsungoh/.rvm/gems/ruby-2.6.0/gems/celluloid-0.17.4/lib/celluloid/cell.rb:50:in `block in dispatch'
/Users/yunsungoh/.rvm/gems/ruby-2.6.0/gems/celluloid-0.17.4/lib/celluloid/cell.rb:76:in `block in task'
/Users/yunsungoh/.rvm/gems/ruby-2.6.0/gems/celluloid-0.17.4/lib/celluloid/actor.rb:339:in `block in task'
/Users/yunsungoh/.rvm/gems/ruby-2.6.0/gems/celluloid-0.17.4/lib/celluloid/task.rb:44:in `block in initialize'
/Users/yunsungoh/.rvm/gems/ruby-2.6.0/gems/celluloid-0.17.4/lib/celluloid/task/fibered.rb:14:in `block in create'
D, [2019-04-05T15:58:19.398464 #32651] DEBUG -- Pubnub::Event: Event#handle
D, [2019-04-05T15:58:19.398780 #32651] DEBUG -- Pubnub::Event: Firing callbacks for Pubnub::Publish
